0 info it worked if it ends with ok
1 verbose cli [ '/usr/local/bin/node',
1 verbose cli   '/usr/local/bin/npm',
1 verbose cli   'publish',
1 verbose cli   '--access=public' ]
2 info using npm@2.15.5
3 info using node@v4.4.5
4 verbose publish [ '.' ]
5 silly cache add args [ '.', null ]
6 verbose cache add spec .
7 silly cache add parsed spec Result {
7 silly cache add   raw: '.',
7 silly cache add   scope: null,
7 silly cache add   name: null,
7 silly cache add   rawSpec: '.',
7 silly cache add   spec: '/Users/luckykun/workspace/generator-reactpackage',
7 silly cache add   type: 'directory' }
8 verbose addLocalDirectory /Users/luckykun/.npm/generator-reactpackage/0.0.2/package.tgz not in flight; packing
9 verbose correctMkdir /Users/luckykun/.npm correctMkdir not in flight; initializing
10 verbose tar pack [ '/Users/luckykun/.npm/generator-reactpackage/0.0.2/package.tgz',
10 verbose tar pack   '/Users/luckykun/workspace/generator-reactpackage' ]
11 verbose tarball /Users/luckykun/.npm/generator-reactpackage/0.0.2/package.tgz
12 verbose folder /Users/luckykun/workspace/generator-reactpackage
13 info prepublish generator-reactpackage@0.0.2
14 verbose addLocalTarball adding from inside cache /Users/luckykun/.npm/generator-reactpackage/0.0.2/package.tgz
15 verbose correctMkdir /Users/luckykun/.npm correctMkdir not in flight; initializing
16 silly cache afterAdd generator-reactpackage@0.0.2
17 verbose afterAdd /Users/luckykun/.npm/generator-reactpackage/0.0.2/package/package.json not in flight; writing
18 verbose correctMkdir /Users/luckykun/.npm correctMkdir not in flight; initializing
19 verbose afterAdd /Users/luckykun/.npm/generator-reactpackage/0.0.2/package/package.json written
20 silly publish { name: 'generator-reactpackage',
20 silly publish   version: '0.0.2',
20 silly publish   description: '基于ract+webpack的项目目录快速生成器',
20 silly publish   main: 'index.js',
20 silly publish   scripts: { test: 'echo "Error: no test specified" && exit 1' },
20 silly publish   repository:
20 silly publish    { type: 'git',
20 silly publish      url: 'git+https://github.com/luckykun/generator-reactpackage.git' },
20 silly publish   keywords: [ 'yeoman-generator' ],
20 silly publish   author: { name: 'luckykun' },
20 silly publish   license: 'MIT',
20 silly publish   bugs: { url: 'https://github.com/luckykun/generator-reactpackage/issues' },
20 silly publish   homepage: 'https://github.com/luckykun/generator-reactpackage',
20 silly publish   dependencies:
20 silly publish    { chai: '^3.3.0',
20 silly publish      chalk: '^1.1.1',
20 silly publish      'fs-extra': '^0.24.0',
20 silly publish      gulp: '^3.9.0',
20 silly publish      mocha: '^2.3.3',
20 silly publish      'yeoman-generator': '^0.24.1',
20 silly publish      yosay: '^1.0.5' },
20 silly publish   readme: '# 基于ract+webpack的前端项目目录快速生成器\n\n------------\n\n开始安装\n\n首先确保自己已经安装了nodejs\n\n然后安装yeoman\n\n```js\nnpm install -g yo\n```\n\n\n然后安装脚手架\n\n```js\nnpm install -g generator-reactpackage\n```\n\n\n在自己的空项目中运行：\n\n```js\nyo reactpackage\n```\n\n然后就会在此目录下生成以下目录结构：\n\n    ├── data\n    │   └── test.json\n    ├── src\n    │   ├── components\n    │   │   └── App.js\n    │   ├── images\n    │   │   └── yeoman.png\n    │   ├── styles\n    │   │   └── app.scss\n    │   ├── vendor\n    │   │   ├── angular\n    │   │   ├── jquery\n    │   │   └── requirejs\n    │   ├── views\n    │   │   └── home.html\n    ├── node_modules\n    ├── index.html\n    ├── package.json\n    └── webpack.config.js\n\n\n然后使用命令启动服务：\n\n```js\nnpm run dev\n```\n默认监听端口是8888，所以在浏览器输入 http://localhost:8888 就能看到效果了。\n\n注意：如果执行上述命令提示错误：`Error: getaddrinfo ENOTFOUND localhost`，在host文件里面添加`127.0.0.1 localhost`即可。\n\n\n开发完成之后，对项目进行打包，使用命令：\n\n```js\nnpm run build\n```\n',
20 silly publish   readmeFilename: 'README.md',
20 silly publish   gitHead: '395d0b82895d008e3fbfe0b03b550a5b0e6f4935',
20 silly publish   _id: 'generator-reactpackage@0.0.2',
20 silly publish   _shasum: '8caa2e1b84f07e06a0c743d2b3047d1b0f892cd7',
20 silly publish   _from: '.' }
21 verbose getPublishConfig undefined
22 silly mapToRegistry name generator-reactpackage
23 silly mapToRegistry using default registry
24 silly mapToRegistry registry https://registry.npmjs.org/
25 silly mapToRegistry data Result {
25 silly mapToRegistry   raw: 'generator-reactpackage',
25 silly mapToRegistry   scope: null,
25 silly mapToRegistry   name: 'generator-reactpackage',
25 silly mapToRegistry   rawSpec: '',
25 silly mapToRegistry   spec: 'latest',
25 silly mapToRegistry   type: 'tag' }
26 silly mapToRegistry uri https://registry.npmjs.org/generator-reactpackage
27 verbose publish registryBase https://registry.npmjs.org/
28 silly publish uploading /Users/luckykun/.npm/generator-reactpackage/0.0.2/package.tgz
29 verbose request uri https://registry.npmjs.org/generator-reactpackage
30 verbose request sending authorization for write operation
31 info attempt registry request try #1 at 22:46:20
32 verbose request using bearer token for auth
33 verbose request id 52074261855d13da
34 http request PUT https://registry.npmjs.org/generator-reactpackage
35 http 403 https://registry.npmjs.org/generator-reactpackage
36 verbose headers { 'content-type': 'application/json',
36 verbose headers   'cache-control': 'max-age=300',
36 verbose headers   'content-length': '95',
36 verbose headers   'accept-ranges': 'bytes',
36 verbose headers   date: 'Tue, 30 Aug 2016 14:46:24 GMT',
36 verbose headers   via: '1.1 varnish',
36 verbose headers   connection: 'keep-alive',
36 verbose headers   'x-served-by': 'cache-ams4134-AMS',
36 verbose headers   'x-cache': 'MISS',
36 verbose headers   'x-cache-hits': '0',
36 verbose headers   'x-timer': 'S1472568382.125095,VS0,VE2587',
36 verbose headers   vary: 'Accept-Encoding' }
37 verbose request invalidating /Users/luckykun/.npm/registry.npmjs.org/generator-reactpackage on PUT
38 error publish Failed PUT 403
39 verbose stack Error: "You cannot publish over the previously published version 0.0.2." : generator-reactpackage
39 verbose stack     at makeError (/usr/local/lib/node_modules/npm/node_modules/npm-registry-client/lib/request.js:264:12)
39 verbose stack     at CachingRegistryClient.<anonymous> (/usr/local/lib/node_modules/npm/node_modules/npm-registry-client/lib/request.js:252:14)
39 verbose stack     at Request._callback (/usr/local/lib/node_modules/npm/node_modules/npm-registry-client/lib/request.js:172:14)
39 verbose stack     at Request.self.callback (/usr/local/lib/node_modules/npm/node_modules/request/request.js:200:22)
39 verbose stack     at emitTwo (events.js:87:13)
39 verbose stack     at Request.emit (events.js:172:7)
39 verbose stack     at Request.<anonymous> (/usr/local/lib/node_modules/npm/node_modules/request/request.js:1067:10)
39 verbose stack     at emitOne (events.js:82:20)
39 verbose stack     at Request.emit (events.js:169:7)
39 verbose stack     at IncomingMessage.<anonymous> (/usr/local/lib/node_modules/npm/node_modules/request/request.js:988:12)
40 verbose statusCode 403
41 verbose pkgid generator-reactpackage
42 verbose cwd /Users/luckykun/workspace/generator-reactpackage
43 error Darwin 15.4.0
44 error argv "/usr/local/bin/node" "/usr/local/bin/npm" "publish" "--access=public"
45 error node v4.4.5
46 error npm  v2.15.5
47 error code E403
48 error "You cannot publish over the previously published version 0.0.2." : generator-reactpackage
49 error If you need help, you may report this error at:
49 error     <https://github.com/npm/npm/issues>
50 verbose exit [ 1, true ]
